<?xml version="1.0" encoding="UTF-8"?>
<!-- Generated by org.testng.reporters.JUnitReportReporter -->
<testsuite skipped="0" hostname="DESKTOP-VN1V6RC" name="testNGPackage.TestNGParameters" tests="1" failures="0" timestamp="2020-08-08T12:37:07 PKT" time="0.015" errors="0">
  <testcase name="Login" time="0.015" classname="testNGPackage.TestNGParameters"/>
  <system-out/>
</testsuite> <!-- testNGPackage.TestNGParameters -->
