<?xml version="1.0" encoding="UTF-8"?>
<!-- Generated by org.testng.reporters.JUnitReportReporter -->
<testsuite hostname="DESKTOP-VN1V6RC" failures="0" tests="1" name="testNGPackage.testNGAntJenkins" time="31.500" errors="0" timestamp="2020-08-11T18:44:38 PKT" skipped="0">
  <testcase classname="testNGPackage.testNGAntJenkins" name="Navigate" time="31.500"/>
  <system-out/>
</testsuite> <!-- testNGPackage.testNGAntJenkins -->
