<?xml version="1.0" encoding="UTF-8"?>
<!-- Generated by org.testng.reporters.JUnitReportReporter -->
<testsuite skipped="0" hostname="DESKTOP-VN1V6RC" name="testNGPackage.AnothertestNGClass" tests="1" failures="0" timestamp="2020-08-07T14:37:33 PKT" time="0.002" errors="0">
  <testcase name="test2" time="0.002" classname="testNGPackage.AnothertestNGClass"/>
  <system-out/>
</testsuite> <!-- testNGPackage.AnothertestNGClass -->
