<?xml version="1.0" encoding="UTF-8"?>
<!-- Generated by org.testng.reporters.JUnitReportReporter -->
<testsuite skipped="0" hostname="DESKTOP-VN1V6RC" name="testNGPackage.DataProviders" tests="3" failures="0" timestamp="2020-08-10T10:44:08 PKT" time="0.016" errors="0">
  <testcase name="dataProvider" time="0.003" classname="testNGPackage.DataProviders"/>
  <system-out/>
  <testcase name="dataProvider" time="0.009" classname="testNGPackage.DataProviders"/>
  <system-out/>
  <testcase name="dataProvider" time="0.004" classname="testNGPackage.DataProviders"/>
  <system-out/>
</testsuite> <!-- testNGPackage.DataProviders -->
